<?xml version="1.0" encoding="UTF-8"?>
<testsuite xmlns:xsi="http://www.w3.org/2001/XMLSchema-instance" xsi:noNamespaceSchemaLocation="https://maven.apache.org/surefire/maven-surefire-plugin/xsd/surefire-test-report-3.0.xsd" version="3.0" name="com.example.lab6_4.CarControllerRestAssuredTest" time="3.554" tests="3" errors="0" skipped="0" failures="0">
  <properties>
[...]
</properties>
  <testcase name="whenGetCarById_thenReturnCorrectCar" classname="com.example.lab6_4.CarControllerRestAssuredTest" time="0.976">
    <system-out><![CDATA[01:09:28.806 [main] INFO org.springframework.test.context.support.AnnotationConfigContextLoaderUtils -- Could not detect default configuration classes for test class [com.example.lab6_4.CarControllerRestAssuredTest]: CarControllerRestAssuredTest does not declare any static, non-private, non-final, nested classes annotated with @Configuration.
01:09:28.894 [main] INFO org.springframework.boot.test.context.SpringBootTestContextBootstrapper -- Found @SpringBootConfiguration com.example.lab6_4.Lab6_4Application for test class com.example.lab6_4.CarControllerRestAssuredTest

  .   ____          _            __ _ _
 /\\ / ___'_ __ _ _(_)_ __  __ _ \ \ \ \
( ( )\___ | '_ | '_| | '_ \/ _` | \ \ \ \
 \\/  ___)| |_)| | | | | || (_| |  ) ) ) )
  '  |____| .__|_| |_|_| |_\__, | / / / /
 =========|_|==============|___/=/_/_/_/
 :: Spring Boot ::                (v3.1.5)

2025-03-24T01:09:29.181Z  INFO 65407 --- [           main] c.e.lab6_4.CarControllerRestAssuredTest  : Starting CarControllerRestAssuredTest using Java 21.0.6 with PID 65407 (started by miguel in /home/miguel/Secretária/3_ano/2_semestre/TQS/TQS_108481/lab6/lab6_4)
2025-03-24T01:09:29.182Z  INFO 65407 --- [           main] c.e.lab6_4.CarControllerRestAssuredTest  : No active profile set, falling back to 1 default profile: "default"
2025-03-24T01:09:31.067Z  INFO 65407 --- [           main] o.s.b.t.m.w.SpringBootMockServletContext : Initializing Spring TestDispatcherServlet ''
2025-03-24T01:09:31.067Z  INFO 65407 --- [           main] o.s.t.web.servlet.TestDispatcherServlet  : Initializing Servlet ''
2025-03-24T01:09:31.071Z  INFO 65407 --- [           main] o.s.t.web.servlet.TestDispatcherServlet  : Completed initialization in 2 ms
2025-03-24T01:09:31.094Z  INFO 65407 --- [           main] c.e.lab6_4.CarControllerRestAssuredTest  : Started CarControllerRestAssuredTest in 2.15 seconds (process running for 2.829)
]]></system-out>
    <system-err><![CDATA[WARNING: A Java agent has been loaded dynamically (/home/miguel/.m2/repository/net/bytebuddy/byte-buddy-agent/1.14.9/byte-buddy-agent-1.14.9.jar)
WARNING: If a serviceability tool is in use, please run with -XX:+EnableDynamicAgentLoading to hide this warning
WARNING: If a serviceability tool is not in use, please run with -Djdk.instrument.traceUsage for more information
WARNING: Dynamic loading of agents will be disallowed by default in a future release
]]></system-err>
  </testcase>
  <testcase name="whenPostCar_thenCreateCar" classname="com.example.lab6_4.CarControllerRestAssuredTest" time="0.049"/>
  <testcase name="whenGetAllCars_thenReturnList" classname="com.example.lab6_4.CarControllerRestAssuredTest" time="0.079"/>
</testsuite>