<?xml version="1.0" encoding="UTF-8"?>
<testsuite xmlns:xsi="http://www.w3.org/2001/XMLSchema-instance" xsi:noNamespaceSchemaLocation="https://maven.apache.org/surefire/maven-surefire-plugin/xsd/surefire-test-report.xsd" name="com.example.TqsStackTest" time="0.066" tests="10" errors="0" skipped="0" failures="0">
  <properties>
[...]
</properties>
  <testcase name="testSizeAfterAllPops" classname="com.example.TqsStackTest" time="0.032"/>
  <testcase name="testPushToFullStack" classname="com.example.TqsStackTest" time="0.002"/>
  <testcase name="testPeekReturnsLastPushedElement" classname="com.example.TqsStackTest" time="0.002"/>
  <testcase name="testStackSizeZeroOnConstruction" classname="com.example.TqsStackTest" time="0.001"/>
  <testcase name="testPopReturnsLastPushedElement" classname="com.example.TqsStackTest" time="0.001"/>
  <testcase name="testPeekEmptyStack" classname="com.example.TqsStackTest" time="0.001"/>
  <testcase name="testEmptyOnConstruction" classname="com.example.TqsStackTest" time="0.001"/>
  <testcase name="testpopTopN" classname="com.example.TqsStackTest" time="0.002"/>
  <testcase name="testStackSizeOneAfterPush" classname="com.example.TqsStackTest" time="0.001"/>
  <testcase name="testPopEmptyStack" classname="com.example.TqsStackTest" time="0.001"/>
</testsuite>