<?xml version="1.0" encoding="UTF-8"?>
<testsuite xmlns:xsi="http://www.w3.org/2001/XMLSchema-instance" xsi:noNamespaceSchemaLocation="https://maven.apache.org/surefire/maven-surefire-plugin/xsd/surefire-test-report-3.0.xsd" version="3.0" name="com.example.RunCucumberTest" time="30.33" tests="4" errors="4" skipped="0" failures="0">
  <properties>
[...]
</properties>
  <testcase name="Search for a book by title" classname="Search for books in the online library" time="7.973">
    <error message="Expected condition failed: waiting for visibility of element located by By.cssSelector: div[class*=&apos;search-results&apos;], div[class*=&apos;book-list&apos;] (tried for 4 second(s) with 500 milliseconds interval)&#10;Build info: version: &apos;4.9.1&apos;, revision: &apos;eb2032df7f&apos;&#10;System info: os.name: &apos;Linux&apos;, os.arch: &apos;amd64&apos;, os.version: &apos;6.11.0-19-generic&apos;, java.version: &apos;21.0.6&apos;&#10;Driver info: org.openqa.selenium.firefox.FirefoxDriver&#10;Capabilities {acceptInsecureCerts: true, browserName: firefox, browserVersion: 136.0, moz:accessibilityChecks: false, moz:buildID: 20250227124745, moz:geckodriverVersion: 0.36.0, moz:headless: false, moz:platformVersion: 6.11.0-19-generic, moz:processID: 75861, moz:profile: /tmp/rust_mozprofileMirY7u, moz:shutdownTimeout: 60000, moz:webdriverClick: true, moz:windowless: false, pageLoadStrategy: normal, platformName: linux, proxy: Proxy(), setWindowRect: true, strictFileInteractability: false, timeouts: {implicit: 0, pageLoad: 300000, script: 30000}, unhandledPromptBehavior: dismiss and notify, userAgent: Mozilla/5.0 (X11; Linux x86...}&#10;Session ID: 4c71596e-9ea1-492d-a643-f8918d348364" type="org.openqa.selenium.TimeoutException"><![CDATA[org.openqa.selenium.TimeoutException: 
Expected condition failed: waiting for visibility of element located by By.cssSelector: div[class*='search-results'], div[class*='book-list'] (tried for 4 second(s) with 500 milliseconds interval)
Build info: version: '4.9.1', revision: 'eb2032df7f'
System info: os.name: 'Linux', os.arch: 'amd64', os.version: '6.11.0-19-generic', java.version: '21.0.6'
Driver info: org.openqa.selenium.firefox.FirefoxDriver
Capabilities {acceptInsecureCerts: true, browserName: firefox, browserVersion: 136.0, moz:accessibilityChecks: false, moz:buildID: 20250227124745, moz:geckodriverVersion: 0.36.0, moz:headless: false, moz:platformVersion: 6.11.0-19-generic, moz:processID: 75861, moz:profile: /tmp/rust_mozprofileMirY7u, moz:shutdownTimeout: 60000, moz:webdriverClick: true, moz:windowless: false, pageLoadStrategy: normal, platformName: linux, proxy: Proxy(), setWindowRect: true, strictFileInteractability: false, timeouts: {implicit: 0, pageLoad: 300000, script: 30000}, unhandledPromptBehavior: dismiss and notify, userAgent: Mozilla/5.0 (X11; Linux x86...}
Session ID: 4c71596e-9ea1-492d-a643-f8918d348364
	at org.openqa.selenium.support.ui.WebDriverWait.timeoutException(WebDriverWait.java:87)
	at org.openqa.selenium.support.ui.FluentWait.until(FluentWait.java:231)
	at com.example.SearchSteps.i_should_see_a_list_of_books(SearchSteps.java:52)
	at ✽.I should see a list of books with titles containing "Clean Code"(file:///home/miguel/Secret%C3%A1ria/3_ano/2_semestre/TQS/TQS_108481/lab5/lab5_3/src/test/resources/features/search_books.feature:7)
]]></error>
    <system-out><![CDATA[
Scenario: Search for a book by title                                    &amp#27;[90m# ///home/miguel/Secretária/3_ano/2_semestre/TQS/TQS_108481/lab5/lab5_3/src/test/resources/features/search_books.feature:3&amp#27;[0m
  &amp#27;[32mGiven &amp#27;[0m&amp#27;[32mI am on the online library homepage&amp#27;[0m                             &amp#27;[90m# com.example.SearchSteps.i_am_on_the_online_library_homepage()&amp#27;[0m
  &amp#27;[32mWhen &amp#27;[0m&amp#27;[32mI enter &amp#27;[0m&amp#27;[32m&amp#27;[1m"Clean Code"&amp#27;[0m&amp#27;[32m in the search bar&amp#27;[0m                           &amp#27;[90m# com.example.SearchSteps.i_enter_text_in_the_search_bar(java.lang.String)&amp#27;[0m
  &amp#27;[32mAnd &amp#27;[0m&amp#27;[32mI click the search button&amp#27;[0m                                         &amp#27;[90m# com.example.SearchSteps.i_click_the_search_button()&amp#27;[0m
  &amp#27;[31mThen &amp#27;[0m&amp#27;[31mI should see a list of books with titles containing &amp#27;[0m&amp#27;[31m&amp#27;[1m"Clean Code"&amp#27;[0m &amp#27;[90m# com.example.SearchSteps.i_should_see_a_list_of_books(java.lang.String)&amp#27;[0m
      &amp#27;[31morg.openqa.selenium.TimeoutException: Expected condition failed: waiting for visibility of element located by By.cssSelector: div[class*='search-results'], div[class*='book-list'] (tried for 4 second(s) with 500 milliseconds interval)
Build info: version: '4.9.1', revision: 'eb2032df7f'
System info: os.name: 'Linux', os.arch: 'amd64', os.version: '6.11.0-19-generic', java.version: '21.0.6'
Driver info: org.openqa.selenium.firefox.FirefoxDriver
Capabilities {acceptInsecureCerts: true, browserName: firefox, browserVersion: 136.0, moz:accessibilityChecks: false, moz:buildID: 20250227124745, moz:geckodriverVersion: 0.36.0, moz:headless: false, moz:platformVersion: 6.11.0-19-generic, moz:processID: 75861, moz:profile: /tmp/rust_mozprofileMirY7u, moz:shutdownTimeout: 60000, moz:webdriverClick: true, moz:windowless: false, pageLoadStrategy: normal, platformName: linux, proxy: Proxy(), setWindowRect: true, strictFileInteractability: false, timeouts: {implicit: 0, pageLoad: 300000, script: 30000}, unhandledPromptBehavior: dismiss and notify, userAgent: Mozilla/5.0 (X11; Linux x86...}
Session ID: 4c71596e-9ea1-492d-a643-f8918d348364
	at org.openqa.selenium.support.ui.WebDriverWait.timeoutException(WebDriverWait.java:87)
	at org.openqa.selenium.support.ui.FluentWait.until(FluentWait.java:231)
	at com.example.SearchSteps.i_should_see_a_list_of_books(SearchSteps.java:52)
	at ✽.I should see a list of books with titles containing "Clean Code"(file:///home/miguel/Secret%C3%A1ria/3_ano/2_semestre/TQS/TQS_108481/lab5/lab5_3/src/test/resources/features/search_books.feature:7)
&amp#27;[0m
]]></system-out>
    <system-err><![CDATA[SLF4J: No SLF4J providers were found.
SLF4J: Defaulting to no-operation (NOP) logger implementation
SLF4J: See https://www.slf4j.org/codes.html#noProviders for further details.
1742410494678	geckodriver	INFO	Listening on 127.0.0.1:9643
1742410494832	mozrunner::runner	INFO	Running command: MOZ_CRASHREPORTER="1" MOZ_CRASHREPORTER_NO_REPORT="1" MOZ_CRASHREPORTER_SHUTDOWN="1" "/usr/bin/firefox" "--m ... gins" "http://127.0.0.1:2013/,http://localhost:2013/,http://[::1]:2013/" "-no-remote" "-profile" "/tmp/rust_mozprofileMirY7u"
console.warn: services.settings: Ignoring preference override of remote settings server
console.warn: services.settings: Allow by setting MOZ_REMOTE_SETTINGS_DEVTOOLS=1 in the environment
1742410495256	Marionette	INFO	Marionette enabled
1742410495354	Marionette	INFO	Listening on port 41811
WebDriver BiDi listening on ws://127.0.0.1:2013
Read port: 41811
1742410495546	RemoteAgent	WARN	TLS certificate errors will be ignored for this session
console.error: ({})
1742410501716	Marionette	INFO	Stopped listening on port 41811
]]></system-err>
  </testcase>
  <testcase name="Search for a book by author" classname="Search for books in the online library" time="7.5">
    <error message="Expected condition failed: waiting for visibility of element located by By.cssSelector: div[class*=&apos;search-results&apos;], div[class*=&apos;book-list&apos;] (tried for 4 second(s) with 500 milliseconds interval)&#10;Build info: version: &apos;4.9.1&apos;, revision: &apos;eb2032df7f&apos;&#10;System info: os.name: &apos;Linux&apos;, os.arch: &apos;amd64&apos;, os.version: &apos;6.11.0-19-generic&apos;, java.version: &apos;21.0.6&apos;&#10;Driver info: org.openqa.selenium.firefox.FirefoxDriver&#10;Capabilities {acceptInsecureCerts: true, browserName: firefox, browserVersion: 136.0, moz:accessibilityChecks: false, moz:buildID: 20250227124745, moz:geckodriverVersion: 0.36.0, moz:headless: false, moz:platformVersion: 6.11.0-19-generic, moz:processID: 76292, moz:profile: /tmp/rust_mozprofile3G8kWo, moz:shutdownTimeout: 60000, moz:webdriverClick: true, moz:windowless: false, pageLoadStrategy: normal, platformName: linux, proxy: Proxy(), setWindowRect: true, strictFileInteractability: false, timeouts: {implicit: 0, pageLoad: 300000, script: 30000}, unhandledPromptBehavior: dismiss and notify, userAgent: Mozilla/5.0 (X11; Linux x86...}&#10;Session ID: 96178f95-753b-444b-92c8-46aec9cad505" type="org.openqa.selenium.TimeoutException"><![CDATA[org.openqa.selenium.TimeoutException: 
Expected condition failed: waiting for visibility of element located by By.cssSelector: div[class*='search-results'], div[class*='book-list'] (tried for 4 second(s) with 500 milliseconds interval)
Build info: version: '4.9.1', revision: 'eb2032df7f'
System info: os.name: 'Linux', os.arch: 'amd64', os.version: '6.11.0-19-generic', java.version: '21.0.6'
Driver info: org.openqa.selenium.firefox.FirefoxDriver
Capabilities {acceptInsecureCerts: true, browserName: firefox, browserVersion: 136.0, moz:accessibilityChecks: false, moz:buildID: 20250227124745, moz:geckodriverVersion: 0.36.0, moz:headless: false, moz:platformVersion: 6.11.0-19-generic, moz:processID: 76292, moz:profile: /tmp/rust_mozprofile3G8kWo, moz:shutdownTimeout: 60000, moz:webdriverClick: true, moz:windowless: false, pageLoadStrategy: normal, platformName: linux, proxy: Proxy(), setWindowRect: true, strictFileInteractability: false, timeouts: {implicit: 0, pageLoad: 300000, script: 30000}, unhandledPromptBehavior: dismiss and notify, userAgent: Mozilla/5.0 (X11; Linux x86...}
Session ID: 96178f95-753b-444b-92c8-46aec9cad505
	at org.openqa.selenium.support.ui.WebDriverWait.timeoutException(WebDriverWait.java:87)
	at org.openqa.selenium.support.ui.FluentWait.until(FluentWait.java:231)
	at com.example.SearchSteps.i_should_see_a_list_of_books_written_by(SearchSteps.java:64)
	at ✽.I should see a list of books written by "Robert C. Martin"(file:///home/miguel/Secret%C3%A1ria/3_ano/2_semestre/TQS/TQS_108481/lab5/lab5_3/src/test/resources/features/search_books.feature:13)
]]></error>
    <system-out><![CDATA[
Scenario: Search for a book by author                             &amp#27;[90m# ///home/miguel/Secretária/3_ano/2_semestre/TQS/TQS_108481/lab5/lab5_3/src/test/resources/features/search_books.feature:9&amp#27;[0m
  &amp#27;[32mGiven &amp#27;[0m&amp#27;[32mI am on the online library homepage&amp#27;[0m                       &amp#27;[90m# com.example.SearchSteps.i_am_on_the_online_library_homepage()&amp#27;[0m
  &amp#27;[32mWhen &amp#27;[0m&amp#27;[32mI enter &amp#27;[0m&amp#27;[32m&amp#27;[1m"Robert C. Martin"&amp#27;[0m&amp#27;[32m in the search bar&amp#27;[0m               &amp#27;[90m# com.example.SearchSteps.i_enter_text_in_the_search_bar(java.lang.String)&amp#27;[0m
  &amp#27;[32mAnd &amp#27;[0m&amp#27;[32mI click the search button&amp#27;[0m                                   &amp#27;[90m# com.example.SearchSteps.i_click_the_search_button()&amp#27;[0m
  &amp#27;[31mThen &amp#27;[0m&amp#27;[31mI should see a list of books written by &amp#27;[0m&amp#27;[31m&amp#27;[1m"Robert C. Martin"&amp#27;[0m &amp#27;[90m# com.example.SearchSteps.i_should_see_a_list_of_books_written_by(java.lang.String)&amp#27;[0m
      &amp#27;[31morg.openqa.selenium.TimeoutException: Expected condition failed: waiting for visibility of element located by By.cssSelector: div[class*='search-results'], div[class*='book-list'] (tried for 4 second(s) with 500 milliseconds interval)
Build info: version: '4.9.1', revision: 'eb2032df7f'
System info: os.name: 'Linux', os.arch: 'amd64', os.version: '6.11.0-19-generic', java.version: '21.0.6'
Driver info: org.openqa.selenium.firefox.FirefoxDriver
Capabilities {acceptInsecureCerts: true, browserName: firefox, browserVersion: 136.0, moz:accessibilityChecks: false, moz:buildID: 20250227124745, moz:geckodriverVersion: 0.36.0, moz:headless: false, moz:platformVersion: 6.11.0-19-generic, moz:processID: 76292, moz:profile: /tmp/rust_mozprofile3G8kWo, moz:shutdownTimeout: 60000, moz:webdriverClick: true, moz:windowless: false, pageLoadStrategy: normal, platformName: linux, proxy: Proxy(), setWindowRect: true, strictFileInteractability: false, timeouts: {implicit: 0, pageLoad: 300000, script: 30000}, unhandledPromptBehavior: dismiss and notify, userAgent: Mozilla/5.0 (X11; Linux x86...}
Session ID: 96178f95-753b-444b-92c8-46aec9cad505
	at org.openqa.selenium.support.ui.WebDriverWait.timeoutException(WebDriverWait.java:87)
	at org.openqa.selenium.support.ui.FluentWait.until(FluentWait.java:231)
	at com.example.SearchSteps.i_should_see_a_list_of_books_written_by(SearchSteps.java:64)
	at ✽.I should see a list of books written by "Robert C. Martin"(file:///home/miguel/Secret%C3%A1ria/3_ano/2_semestre/TQS/TQS_108481/lab5/lab5_3/src/test/resources/features/search_books.feature:13)
&amp#27;[0m
]]></system-out>
    <system-err><![CDATA[1742410502269	geckodriver	INFO	Listening on 127.0.0.1:12478
1742410502334	mozrunner::runner	INFO	Running command: MOZ_CRASHREPORTER="1" MOZ_CRASHREPORTER_NO_REPORT="1" MOZ_CRASHREPORTER_SHUTDOWN="1" "/usr/bin/firefox" "--m ... gins" "http://127.0.0.1:6002/,http://localhost:6002/,http://[::1]:6002/" "-no-remote" "-profile" "/tmp/rust_mozprofile3G8kWo"
console.warn: services.settings: Ignoring preference override of remote settings server
console.warn: services.settings: Allow by setting MOZ_REMOTE_SETTINGS_DEVTOOLS=1 in the environment
1742410502764	Marionette	INFO	Marionette enabled
1742410502871	Marionette	INFO	Listening on port 39943
WebDriver BiDi listening on ws://127.0.0.1:6002
Read port: 39943
1742410503062	RemoteAgent	WARN	TLS certificate errors will be ignored for this session
console.error: ({})
1742410509210	Marionette	INFO	Stopped listening on port 39943
]]></system-err>
  </testcase>
  <testcase name="Search for a book that does not exist" classname="Search for books in the online library" time="7.323">
    <error message="Expected condition failed: waiting for visibility of element located by By.xpath: //*[contains(text(), &apos;No results found.&apos;)] (tried for 4 second(s) with 500 milliseconds interval)&#10;Build info: version: &apos;4.9.1&apos;, revision: &apos;eb2032df7f&apos;&#10;System info: os.name: &apos;Linux&apos;, os.arch: &apos;amd64&apos;, os.version: &apos;6.11.0-19-generic&apos;, java.version: &apos;21.0.6&apos;&#10;Driver info: org.openqa.selenium.firefox.FirefoxDriver&#10;Capabilities {acceptInsecureCerts: true, browserName: firefox, browserVersion: 136.0, moz:accessibilityChecks: false, moz:buildID: 20250227124745, moz:geckodriverVersion: 0.36.0, moz:headless: false, moz:platformVersion: 6.11.0-19-generic, moz:processID: 76747, moz:profile: /tmp/rust_mozprofileagz1rv, moz:shutdownTimeout: 60000, moz:webdriverClick: true, moz:windowless: false, pageLoadStrategy: normal, platformName: linux, proxy: Proxy(), setWindowRect: true, strictFileInteractability: false, timeouts: {implicit: 0, pageLoad: 300000, script: 30000}, unhandledPromptBehavior: dismiss and notify, userAgent: Mozilla/5.0 (X11; Linux x86...}&#10;Session ID: 573bec19-a2aa-4dae-918e-9318971f722a" type="org.openqa.selenium.TimeoutException"><![CDATA[org.openqa.selenium.TimeoutException: 
Expected condition failed: waiting for visibility of element located by By.xpath: //*[contains(text(), 'No results found.')] (tried for 4 second(s) with 500 milliseconds interval)
Build info: version: '4.9.1', revision: 'eb2032df7f'
System info: os.name: 'Linux', os.arch: 'amd64', os.version: '6.11.0-19-generic', java.version: '21.0.6'
Driver info: org.openqa.selenium.firefox.FirefoxDriver
Capabilities {acceptInsecureCerts: true, browserName: firefox, browserVersion: 136.0, moz:accessibilityChecks: false, moz:buildID: 20250227124745, moz:geckodriverVersion: 0.36.0, moz:headless: false, moz:platformVersion: 6.11.0-19-generic, moz:processID: 76747, moz:profile: /tmp/rust_mozprofileagz1rv, moz:shutdownTimeout: 60000, moz:webdriverClick: true, moz:windowless: false, pageLoadStrategy: normal, platformName: linux, proxy: Proxy(), setWindowRect: true, strictFileInteractability: false, timeouts: {implicit: 0, pageLoad: 300000, script: 30000}, unhandledPromptBehavior: dismiss and notify, userAgent: Mozilla/5.0 (X11; Linux x86...}
Session ID: 573bec19-a2aa-4dae-918e-9318971f722a
	at org.openqa.selenium.support.ui.WebDriverWait.timeoutException(WebDriverWait.java:87)
	at org.openqa.selenium.support.ui.FluentWait.until(FluentWait.java:231)
	at com.example.SearchSteps.i_should_see_a_message(SearchSteps.java:76)
	at ✽.I should see a message "No results found."(file:///home/miguel/Secret%C3%A1ria/3_ano/2_semestre/TQS/TQS_108481/lab5/lab5_3/src/test/resources/features/search_books.feature:19)
]]></error>
    <system-out><![CDATA[
Scenario: Search for a book that does not exist         &amp#27;[90m# ///home/miguel/Secretária/3_ano/2_semestre/TQS/TQS_108481/lab5/lab5_3/src/test/resources/features/search_books.feature:15&amp#27;[0m
  &amp#27;[32mGiven &amp#27;[0m&amp#27;[32mI am on the online library homepage&amp#27;[0m             &amp#27;[90m# com.example.SearchSteps.i_am_on_the_online_library_homepage()&amp#27;[0m
  &amp#27;[32mWhen &amp#27;[0m&amp#27;[32mI enter &amp#27;[0m&amp#27;[32m&amp#27;[1m"Nonexistent Book XYZ"&amp#27;[0m&amp#27;[32m in the search bar&amp#27;[0m &amp#27;[90m# com.example.SearchSteps.i_enter_text_in_the_search_bar(java.lang.String)&amp#27;[0m
  &amp#27;[32mAnd &amp#27;[0m&amp#27;[32mI click the search button&amp#27;[0m                         &amp#27;[90m# com.example.SearchSteps.i_click_the_search_button()&amp#27;[0m
  &amp#27;[31mThen &amp#27;[0m&amp#27;[31mI should see a message &amp#27;[0m&amp#27;[31m&amp#27;[1m"No results found."&amp#27;[0m       &amp#27;[90m# com.example.SearchSteps.i_should_see_a_message(java.lang.String)&amp#27;[0m
      &amp#27;[31morg.openqa.selenium.TimeoutException: Expected condition failed: waiting for visibility of element located by By.xpath: //*[contains(text(), 'No results found.')] (tried for 4 second(s) with 500 milliseconds interval)
Build info: version: '4.9.1', revision: 'eb2032df7f'
System info: os.name: 'Linux', os.arch: 'amd64', os.version: '6.11.0-19-generic', java.version: '21.0.6'
Driver info: org.openqa.selenium.firefox.FirefoxDriver
Capabilities {acceptInsecureCerts: true, browserName: firefox, browserVersion: 136.0, moz:accessibilityChecks: false, moz:buildID: 20250227124745, moz:geckodriverVersion: 0.36.0, moz:headless: false, moz:platformVersion: 6.11.0-19-generic, moz:processID: 76747, moz:profile: /tmp/rust_mozprofileagz1rv, moz:shutdownTimeout: 60000, moz:webdriverClick: true, moz:windowless: false, pageLoadStrategy: normal, platformName: linux, proxy: Proxy(), setWindowRect: true, strictFileInteractability: false, timeouts: {implicit: 0, pageLoad: 300000, script: 30000}, unhandledPromptBehavior: dismiss and notify, userAgent: Mozilla/5.0 (X11; Linux x86...}
Session ID: 573bec19-a2aa-4dae-918e-9318971f722a
	at org.openqa.selenium.support.ui.WebDriverWait.timeoutException(WebDriverWait.java:87)
	at org.openqa.selenium.support.ui.FluentWait.until(FluentWait.java:231)
	at com.example.SearchSteps.i_should_see_a_message(SearchSteps.java:76)
	at ✽.I should see a message "No results found."(file:///home/miguel/Secret%C3%A1ria/3_ano/2_semestre/TQS/TQS_108481/lab5/lab5_3/src/test/resources/features/search_books.feature:19)
&amp#27;[0m
]]></system-out>
    <system-err><![CDATA[1742410509762	geckodriver	INFO	Listening on 127.0.0.1:11051
1742410509831	mozrunner::runner	INFO	Running command: MOZ_CRASHREPORTER="1" MOZ_CRASHREPORTER_NO_REPORT="1" MOZ_CRASHREPORTER_SHUTDOWN="1" "/usr/bin/firefox" "--m ... s" "http://127.0.0.1:16528/,http://localhost:16528/,http://[::1]:16528/" "-no-remote" "-profile" "/tmp/rust_mozprofileagz1rv"
console.warn: services.settings: Ignoring preference override of remote settings server
console.warn: services.settings: Allow by setting MOZ_REMOTE_SETTINGS_DEVTOOLS=1 in the environment
1742410510194	Marionette	INFO	Marionette enabled
1742410510301	Marionette	INFO	Listening on port 36795
WebDriver BiDi listening on ws://127.0.0.1:16528
Read port: 36795
1742410510493	RemoteAgent	WARN	TLS certificate errors will be ignored for this session
console.error: ({})
1742410516531	Marionette	INFO	Stopped listening on port 36795
]]></system-err>
  </testcase>
  <testcase name="Search with an empty query" classname="Search for books in the online library" time="7.257">
    <error message="Expected condition failed: waiting for visibility of element located by By.xpath: //*[contains(text(), &apos;Please enter a search term.&apos;)] (tried for 4 second(s) with 500 milliseconds interval)&#10;Build info: version: &apos;4.9.1&apos;, revision: &apos;eb2032df7f&apos;&#10;System info: os.name: &apos;Linux&apos;, os.arch: &apos;amd64&apos;, os.version: &apos;6.11.0-19-generic&apos;, java.version: &apos;21.0.6&apos;&#10;Driver info: org.openqa.selenium.firefox.FirefoxDriver&#10;Capabilities {acceptInsecureCerts: true, browserName: firefox, browserVersion: 136.0, moz:accessibilityChecks: false, moz:buildID: 20250227124745, moz:geckodriverVersion: 0.36.0, moz:headless: false, moz:platformVersion: 6.11.0-19-generic, moz:processID: 77179, moz:profile: /tmp/rust_mozprofileiRXZWV, moz:shutdownTimeout: 60000, moz:webdriverClick: true, moz:windowless: false, pageLoadStrategy: normal, platformName: linux, proxy: Proxy(), setWindowRect: true, strictFileInteractability: false, timeouts: {implicit: 0, pageLoad: 300000, script: 30000}, unhandledPromptBehavior: dismiss and notify, userAgent: Mozilla/5.0 (X11; Linux x86...}&#10;Session ID: bbc0eae1-2d6e-44e3-9dca-f1c7ca293bdd" type="org.openqa.selenium.TimeoutException"><![CDATA[org.openqa.selenium.TimeoutException: 
Expected condition failed: waiting for visibility of element located by By.xpath: //*[contains(text(), 'Please enter a search term.')] (tried for 4 second(s) with 500 milliseconds interval)
Build info: version: '4.9.1', revision: 'eb2032df7f'
System info: os.name: 'Linux', os.arch: 'amd64', os.version: '6.11.0-19-generic', java.version: '21.0.6'
Driver info: org.openqa.selenium.firefox.FirefoxDriver
Capabilities {acceptInsecureCerts: true, browserName: firefox, browserVersion: 136.0, moz:accessibilityChecks: false, moz:buildID: 20250227124745, moz:geckodriverVersion: 0.36.0, moz:headless: false, moz:platformVersion: 6.11.0-19-generic, moz:processID: 77179, moz:profile: /tmp/rust_mozprofileiRXZWV, moz:shutdownTimeout: 60000, moz:webdriverClick: true, moz:windowless: false, pageLoadStrategy: normal, platformName: linux, proxy: Proxy(), setWindowRect: true, strictFileInteractability: false, timeouts: {implicit: 0, pageLoad: 300000, script: 30000}, unhandledPromptBehavior: dismiss and notify, userAgent: Mozilla/5.0 (X11; Linux x86...}
Session ID: bbc0eae1-2d6e-44e3-9dca-f1c7ca293bdd
	at org.openqa.selenium.support.ui.WebDriverWait.timeoutException(WebDriverWait.java:87)
	at org.openqa.selenium.support.ui.FluentWait.until(FluentWait.java:231)
	at com.example.SearchSteps.i_should_see_an_error_message(SearchSteps.java:84)
	at ✽.I should see an error message "Please enter a search term."(file:///home/miguel/Secret%C3%A1ria/3_ano/2_semestre/TQS/TQS_108481/lab5/lab5_3/src/test/resources/features/search_books.feature:25)
]]></error>
    <system-out><![CDATA[
Scenario: Search with an empty query                               &amp#27;[90m# ///home/miguel/Secretária/3_ano/2_semestre/TQS/TQS_108481/lab5/lab5_3/src/test/resources/features/search_books.feature:21&amp#27;[0m
  &amp#27;[32mGiven &amp#27;[0m&amp#27;[32mI am on the online library homepage&amp#27;[0m                        &amp#27;[90m# com.example.SearchSteps.i_am_on_the_online_library_homepage()&amp#27;[0m
  &amp#27;[32mWhen &amp#27;[0m&amp#27;[32mI leave the search bar empty&amp#27;[0m                                &amp#27;[90m# com.example.SearchSteps.i_leave_the_search_bar_empty()&amp#27;[0m
  &amp#27;[32mAnd &amp#27;[0m&amp#27;[32mI click the search button&amp#27;[0m                                    &amp#27;[90m# com.example.SearchSteps.i_click_the_search_button()&amp#27;[0m
  &amp#27;[31mThen &amp#27;[0m&amp#27;[31mI should see an error message &amp#27;[0m&amp#27;[31m&amp#27;[1m"Please enter a search term."&amp#27;[0m &amp#27;[90m# com.example.SearchSteps.i_should_see_an_error_message(java.lang.String)&amp#27;[0m
      &amp#27;[31morg.openqa.selenium.TimeoutException: Expected condition failed: waiting for visibility of element located by By.xpath: //*[contains(text(), 'Please enter a search term.')] (tried for 4 second(s) with 500 milliseconds interval)
Build info: version: '4.9.1', revision: 'eb2032df7f'
System info: os.name: 'Linux', os.arch: 'amd64', os.version: '6.11.0-19-generic', java.version: '21.0.6'
Driver info: org.openqa.selenium.firefox.FirefoxDriver
Capabilities {acceptInsecureCerts: true, browserName: firefox, browserVersion: 136.0, moz:accessibilityChecks: false, moz:buildID: 20250227124745, moz:geckodriverVersion: 0.36.0, moz:headless: false, moz:platformVersion: 6.11.0-19-generic, moz:processID: 77179, moz:profile: /tmp/rust_mozprofileiRXZWV, moz:shutdownTimeout: 60000, moz:webdriverClick: true, moz:windowless: false, pageLoadStrategy: normal, platformName: linux, proxy: Proxy(), setWindowRect: true, strictFileInteractability: false, timeouts: {implicit: 0, pageLoad: 300000, script: 30000}, unhandledPromptBehavior: dismiss and notify, userAgent: Mozilla/5.0 (X11; Linux x86...}
Session ID: bbc0eae1-2d6e-44e3-9dca-f1c7ca293bdd
	at org.openqa.selenium.support.ui.WebDriverWait.timeoutException(WebDriverWait.java:87)
	at org.openqa.selenium.support.ui.FluentWait.until(FluentWait.java:231)
	at com.example.SearchSteps.i_should_see_an_error_message(SearchSteps.java:84)
	at ✽.I should see an error message "Please enter a search term."(file:///home/miguel/Secret%C3%A1ria/3_ano/2_semestre/TQS/TQS_108481/lab5/lab5_3/src/test/resources/features/search_books.feature:25)
&amp#27;[0m
]]></system-out>
    <system-err><![CDATA[1742410517096	geckodriver	INFO	Listening on 127.0.0.1:23162
1742410517157	mozrunner::runner	INFO	Running command: MOZ_CRASHREPORTER="1" MOZ_CRASHREPORTER_NO_REPORT="1" MOZ_CRASHREPORTER_SHUTDOWN="1" "/usr/bin/firefox" "--m ... s" "http://127.0.0.1:13782/,http://localhost:13782/,http://[::1]:13782/" "-no-remote" "-profile" "/tmp/rust_mozprofileiRXZWV"
console.warn: services.settings: Ignoring preference override of remote settings server
console.warn: services.settings: Allow by setting MOZ_REMOTE_SETTINGS_DEVTOOLS=1 in the environment
1742410517538	Marionette	INFO	Marionette enabled
1742410517644	Marionette	INFO	Listening on port 45047
WebDriver BiDi listening on ws://127.0.0.1:13782
Read port: 45047
1742410517839	RemoteAgent	WARN	TLS certificate errors will be ignored for this session
console.error: ({})
1742410523800	Marionette	INFO	Stopped listening on port 45047
]]></system-err>
  </testcase>
</testsuite>